[2017-01-12T21:08:54+00:00] Accessed Endpoint: Register
[2017-01-12T21:08:54+00:00] Cache Miss: Add room to cache
[2017-01-12T21:14:30+00:00] Accessed Endpoint: Register
[2017-01-12T21:17:09+00:00] Accessed Endpoint: Register
[2017-01-12T21:32:35+00:00] Accessed Endpoint: Register
[2017-01-12T21:33:19+00:00] Accessed Endpoint: Register
[2017-01-12T21:34:41+00:00] Accessed Endpoint: Register
[2017-01-16T23:01:55+00:00] Accessed Endpoint: Register
[2017-01-16T23:01:55+00:00] Cache Miss: Add room to cache
[2017-01-16T23:03:58+00:00] : 
[2017-01-16T23:03:58+00:00] Accessed Endpoint: Register
[2017-01-16T23:03:58+00:00] Cache Miss: Add room to cache
[2017-01-16T23:04:37+00:00] : 
[2017-01-16T23:04:37+00:00] Accessed Endpoint: Register
[2017-01-16T23:04:37+00:00] Cache Miss: Add room to cache
[2017-01-16T23:09:37+00:00] Accessed Endpoint: Register
[2017-01-16T23:14:42+00:00] Accessed Endpoint: Register
[2017-01-16T23:16:07+00:00] Accessed Endpoint: Register
[2017-01-16T23:16:07+00:00] Cache Miss: Add room to cache
[2017-01-16T23:17:46+00:00] Accessed Endpoint: Register
[2017-01-16T23:25:04+00:00] Accessed Endpoint: Register
[2017-01-16T23:32:27+00:00] Accessed Endpoint: Register
[2017-01-16T23:32:27+00:00] Cache Miss: Add room to cache
[2017-01-16T23:37:33+00:00] Accessed Endpoint: Register
[2017-01-16T23:37:33+00:00] Cache Miss: Add room to cache
[2017-01-16T23:37:36+00:00] Accessed Endpoint: Register
[2017-01-16T23:39:27+00:00] Accessed Endpoint: Register
[2017-01-16T23:39:27+00:00] Cache Miss: Add room to cache
[2017-01-16T23:39:37+00:00] Accessed Endpoint: Change Name
[2017-01-16T23:47:51+00:00] : 
[2017-01-16T23:47:52+00:00] Accessed Endpoint: Register
[2017-01-16T23:47:52+00:00] Cache Miss: Add room to cache
[2017-01-16T23:47:57+00:00] Accessed Endpoint: Send Message
[2017-01-16T23:47:57+00:00] Message Sent: 
[2017-01-16T23:47:59+00:00] Accessed Endpoint: Send Message
[2017-01-16T23:47:59+00:00] Message Sent: 
[2017-01-16T23:47:59+00:00] Accessed Endpoint: Send Message
[2017-01-16T23:47:59+00:00] Message Sent: 
[2017-01-16T23:48:00+00:00] Accessed Endpoint: Send Message
[2017-01-16T23:48:00+00:00] Message Sent: 
[2017-01-16T23:48:21+00:00] Accessed Endpoint: Register
[2017-01-16T23:48:21+00:00] Cache Miss: Add room to cache
[2017-01-16T23:48:30+00:00] Accessed Endpoint: Change Name
[2017-01-16T23:48:59+00:00] Accessed Endpoint: Send Message
[2017-01-16T23:48:59+00:00] Message Sent: 
[2017-01-16T23:49:26+00:00] Accessed Endpoint: Register
[2017-01-16T23:49:34+00:00] Accessed Endpoint: Change Name
[2017-01-16T23:52:33+00:00] Accessed Endpoint: Register
[2017-01-16T23:52:41+00:00] Accessed Endpoint: Change Name
[2017-01-16T23:52:41+00:00] Accessed Endpoint: Change Name
[2017-01-16T23:54:49+00:00] Accessed Endpoint: Register
[2017-01-16T23:55:25+00:00] Accessed Endpoint: Change Name
[2017-01-16T23:55:25+00:00] Accessed Endpoint: Change Name
[2017-01-16T23:58:35+00:00] Accessed Endpoint: Register
[2017-01-16T23:58:45+00:00] Accessed Endpoint: Change Name
[2017-01-16T23:58:46+00:00] Accessed Endpoint: Change Name
[2017-01-17T00:03:05+00:00] Accessed Endpoint: Register
[2017-01-17T00:03:14+00:00] Accessed Endpoint: Change Name
[2017-01-17T00:03:14+00:00] Accessed Endpoint: Change Name
[2017-01-17T00:04:29+00:00] Accessed Endpoint: Register
[2017-01-17T00:04:34+00:00] Accessed Endpoint: Send Message
[2017-01-17T00:04:34+00:00] Message Sent: 
[2017-01-17T00:04:35+00:00] Accessed Endpoint: Send Message
[2017-01-17T00:04:35+00:00] Message Sent: 
[2017-01-17T00:05:06+00:00] : 
[2017-01-17T00:05:07+00:00] Accessed Endpoint: Register
[2017-01-17T00:05:07+00:00] Cache Miss: Add room to cache
[2017-01-17T00:05:34+00:00] Accessed Endpoint: Send Message
[2017-01-17T00:05:34+00:00] Message Sent: 
[2017-01-17T00:05:44+00:00] Accessed Endpoint: Register
[2017-01-17T00:05:57+00:00] Accessed Endpoint: Send Message
[2017-01-17T00:05:57+00:00] Message Sent: 
[2017-01-17T00:07:19+00:00] Accessed Endpoint: Send Message
[2017-01-17T00:07:19+00:00] Message Sent: 
[2017-01-17T00:10:16+00:00] Accessed Endpoint: Send Message
[2017-01-17T00:10:16+00:00] Message Sent: 
[2017-01-17T00:10:38+00:00] Accessed Endpoint: Register
[2017-01-17T00:10:44+00:00] Accessed Endpoint: Send Message
[2017-01-17T00:10:44+00:00] Message Sent: 
[2017-01-17T00:12:54+00:00] : 
[2017-01-17T00:12:55+00:00] Accessed Endpoint: Register
[2017-01-17T00:12:55+00:00] Cache Miss: Add room to cache
[2017-01-17T00:12:58+00:00] Accessed Endpoint: Send Message
[2017-01-17T00:12:58+00:00] Message Sent: 
[2017-01-17T00:13:32+00:00] Accessed Endpoint: Send Message
[2017-01-17T00:13:32+00:00] Message Sent: 
[2017-01-17T00:13:43+00:00] Accessed Endpoint: Send Message
[2017-01-17T00:13:43+00:00] Message Sent: 
[2017-01-17T00:23:30+00:00] Accessed Endpoint: Register
[2017-01-17T00:23:59+00:00] : 
[2017-01-17T00:24:00+00:00] Accessed Endpoint: Register
[2017-01-17T00:24:00+00:00] Cache Miss: Add room to cache
[2017-01-17T00:24:02+00:00] Accessed Endpoint: Send Message
[2017-01-17T00:24:02+00:00] Message Sent: 
[2017-01-17T00:24:06+00:00] Accessed Endpoint: Register
[2017-01-17T00:24:28+00:00] Accessed Endpoint: Register
[2017-01-17T00:24:38+00:00] Accessed Endpoint: Change Name
[2017-01-17T00:24:38+00:00] Accessed Endpoint: Change Name
[2017-01-17T00:24:59+00:00] : 
[2017-01-17T00:24:59+00:00] Accessed Endpoint: Register
[2017-01-17T00:24:59+00:00] Cache Miss: Add room to cache
[2017-01-17T00:25:02+00:00] Accessed Endpoint: Send Message
[2017-01-17T00:25:02+00:00] Message Sent: 
[2017-01-17T00:25:10+00:00] Accessed Endpoint: Register
[2017-01-17T00:25:31+00:00] Accessed Endpoint: Register
[2017-01-17T00:27:46+00:00] : 
[2017-01-17T00:27:46+00:00] Accessed Endpoint: Register
[2017-01-17T00:27:46+00:00] Cache Miss: Add room to cache
[2017-01-17T00:27:50+00:00] Accessed Endpoint: Send Message
[2017-01-17T00:27:50+00:00] Message Sent: 
[2017-01-17T00:28:40+00:00] Accessed Endpoint: Register
[2017-01-17T00:29:07+00:00] Accessed Endpoint: Register
[2017-01-17T00:29:26+00:00] Accessed Endpoint: Register
[2017-01-17T00:31:43+00:00] Accessed Endpoint: Register
[2017-01-17T00:33:05+00:00] Accessed Endpoint: Register
[2017-01-17T00:33:12+00:00] Accessed Endpoint: Register
[2017-01-17T00:33:20+00:00] Accessed Endpoint: Register
[2017-01-17T00:33:30+00:00] Accessed Endpoint: Register
[2017-01-17T00:35:04+00:00] Accessed Endpoint: Register
[2017-01-17T00:35:27+00:00] Accessed Endpoint: Register
[2017-01-17T00:35:32+00:00] Accessed Endpoint: Register
[2017-01-17T00:49:20+00:00] Accessed Endpoint: Register
[2017-01-17T00:49:26+00:00] Accessed Endpoint: Register
[2017-01-17T00:50:02+00:00] : 
[2017-01-17T00:50:03+00:00] Accessed Endpoint: Register
[2017-01-17T00:50:03+00:00] Cache Miss: Add room to cache
[2017-01-17T00:50:05+00:00] Accessed Endpoint: Send Message
[2017-01-17T00:50:06+00:00] Message Sent: 
[2017-01-17T00:53:10+00:00] Accessed Endpoint: Register
[2017-01-17T00:53:31+00:00] Accessed Endpoint: Send Message
[2017-01-17T00:53:31+00:00] Message Sent: 
[2017-01-17T00:53:44+00:00] Accessed Endpoint: Change Name
[2017-01-17T00:53:44+00:00] Accessed Endpoint: Change Name
[2017-01-17T01:07:01+00:00] : 
[2017-01-17T01:07:02+00:00] Accessed Endpoint: Register
[2017-01-17T01:07:02+00:00] Cache Miss: Add room to cache
[2017-01-17T01:07:42+00:00] Accessed Endpoint: Register
[2017-01-17T01:08:04+00:00] : 
[2017-01-17T01:08:05+00:00] Accessed Endpoint: Register
[2017-01-17T01:08:05+00:00] Cache Miss: Add room to cache
[2017-01-17T01:08:08+00:00] Accessed Endpoint: Send Message
[2017-01-17T01:08:09+00:00] Message Sent: 
[2017-01-17T01:08:16+00:00] Accessed Endpoint: Send Message
[2017-01-17T01:08:16+00:00] Message Sent: 
[2017-01-17T01:08:26+00:00] Accessed Endpoint: Register
[2017-01-17T01:09:26+00:00] Accessed Endpoint: Register
[2017-01-17T01:09:33+00:00] Accessed Endpoint: Change Name
[2017-01-17T01:09:33+00:00] Accessed Endpoint: Change Name
[2017-01-17T01:11:20+00:00] Accessed Endpoint: Register
[2017-01-17T01:11:23+00:00] Accessed Endpoint: Change Name
[2017-01-17T01:11:23+00:00] Accessed Endpoint: Change Name
[2017-01-17T01:11:33+00:00] Accessed Endpoint: Change Name
[2017-01-17T01:11:33+00:00] Accessed Endpoint: Change Name
[2017-01-17T01:11:35+00:00] Accessed Endpoint: Change Name
[2017-01-17T01:11:35+00:00] Accessed Endpoint: Change Name
[2017-01-17T01:12:17+00:00] Accessed Endpoint: Register
[2017-01-17T01:12:23+00:00] Accessed Endpoint: Change Name
[2017-01-17T01:12:23+00:00] Accessed Endpoint: Change Name
[2017-01-17T01:14:07+00:00] Accessed Endpoint: Register
[2017-01-17T01:14:09+00:00] Accessed Endpoint: Register
[2017-01-17T01:14:21+00:00] Accessed Endpoint: Change Name
[2017-01-17T01:14:21+00:00] Accessed Endpoint: Change Name
[2017-01-17T01:14:39+00:00] : 
[2017-01-17T01:14:40+00:00] Accessed Endpoint: Register
[2017-01-17T01:14:40+00:00] Cache Miss: Add room to cache
[2017-01-17T01:15:07+00:00] Accessed Endpoint: Register
[2017-01-17T01:16:10+00:00] Accessed Endpoint: Register
[2017-01-17T01:17:02+00:00] Accessed Endpoint: Register
[2017-01-17T01:17:55+00:00] Accessed Endpoint: Send Message
[2017-01-17T01:17:55+00:00] Message Sent: 
[2017-01-17T01:18:09+00:00] Accessed Endpoint: Register
[2017-01-17T01:18:17+00:00] Accessed Endpoint: Change Name
[2017-01-17T01:18:17+00:00] Accessed Endpoint: Change Name
[2017-01-17T01:28:02+00:00] Accessed Endpoint: Send Message
[2017-01-17T01:28:02+00:00] Message Sent: 
[2017-01-17T01:28:06+00:00] Accessed Endpoint: Register
[2017-01-17T01:28:13+00:00] Accessed Endpoint: Change Name
[2017-01-17T01:30:20+00:00] Accessed Endpoint: Send Message
[2017-01-17T01:30:20+00:00] Message Sent: 
[2017-01-17T01:30:59+00:00] Accessed Endpoint: Register
[2017-01-17T01:31:04+00:00] Accessed Endpoint: Change Name
[2017-01-17T01:31:43+00:00] Accessed Endpoint: Register
[2017-01-17T01:31:47+00:00] Accessed Endpoint: Change Name
[2017-01-17T01:37:33+00:00] Accessed Endpoint: Register
[2017-01-17T01:37:40+00:00] Accessed Endpoint: Send Message
[2017-01-17T01:37:40+00:00] Message Sent: 
[2017-01-17T01:37:45+00:00] Accessed Endpoint: Change Name
[2017-01-17T01:41:25+00:00] Update: Password
[2017-01-17T01:41:25+00:00] Update: Password
[2017-01-17T01:43:37+00:00] Accessed Endpoint: Send Message
[2017-01-17T01:43:37+00:00] Message Sent: 
[2017-01-17T01:43:49+00:00] Accessed Endpoint: Register
[2017-01-17T01:43:55+00:00] Accessed Endpoint: Change Name
[2017-01-17T01:46:36+00:00] Accessed Endpoint: Register
[2017-01-17T01:46:43+00:00] Accessed Endpoint: Register
[2017-01-17T01:46:52+00:00] Accessed Endpoint: Register
[2017-01-17T01:46:55+00:00] Accessed Endpoint: Register
[2017-01-17T01:47:10+00:00] Accessed Endpoint: Register
[2017-01-17T01:47:16+00:00] Accessed Endpoint: Change Name
[2017-01-17T01:51:13+00:00] Accessed Endpoint: register
[2017-01-17T01:51:40+00:00] Accessed Endpoint: register
[2017-01-17T01:51:47+00:00] Accessed Endpoint: register
[2017-01-17T01:54:04+00:00] Accessed Endpoint: Register
[2017-01-17T01:54:16+00:00] Accessed Endpoint: Change Name
[2017-01-17T01:57:48+00:00] Accessed Endpoint: register
[2017-01-17T01:58:22+00:00] Accessed Endpoint: Change Name
[2017-01-17T02:00:14+00:00] Accessed Endpoint: register
[2017-01-17T02:00:40+00:00] Accessed Endpoint: register
[2017-01-17T02:00:53+00:00] : 
[2017-01-17T02:00:54+00:00] Accessed Endpoint: Register
[2017-01-17T02:00:54+00:00] Cache Miss: Add room to cache
[2017-01-17T02:01:11+00:00] Accessed Endpoint: register
[2017-01-17T02:01:17+00:00] Accessed Endpoint: Register
[2017-01-17T02:01:20+00:00] : 
[2017-01-17T02:01:21+00:00] Accessed Endpoint: Register
[2017-01-17T02:01:21+00:00] Cache Miss: Add room to cache
[2017-01-17T02:01:28+00:00] Accessed Endpoint: register
[2017-01-17T02:03:01+00:00] Accessed Endpoint: register
[2017-01-17T02:03:48+00:00] Accessed Endpoint: register
[2017-01-17T02:04:00+00:00] Accessed Endpoint: register
[2017-01-17T02:04:02+00:00] Accessed Endpoint: register
[2017-01-17T02:04:03+00:00] Accessed Endpoint: register
[2017-01-17T02:04:12+00:00] Accessed Endpoint: Change Name
[2017-01-17T02:04:24+00:00] Accessed Endpoint: register
[2017-01-17T02:05:36+00:00] Accessed Endpoint: register
[2017-01-17T02:07:20+00:00] Accessed Endpoint: register
[2017-01-17T02:07:24+00:00] Accessed Endpoint: register
[2017-01-17T02:08:01+00:00] Accessed Endpoint: register
[2017-01-17T02:08:19+00:00] Accessed Endpoint: register
[2017-01-17T02:09:33+00:00] Accessed Endpoint: Change Name
[2017-01-17T02:11:13+00:00] Accessed Endpoint: register
[2017-01-17T02:11:24+00:00] Accessed Endpoint: Change Name
[2017-01-17T02:11:51+00:00] Accessed Endpoint: register
[2017-01-17T02:11:51+00:00] Cache Miss: Add room to cache
[2017-01-17T02:13:30+00:00] Accessed Endpoint: register
[2017-01-17T02:13:41+00:00] Accessed Endpoint: register
[2017-01-17T02:14:47+00:00] Accessed Endpoint: register
[2017-01-17T02:14:53+00:00] Accessed Endpoint: register
[2017-01-17T02:15:32+00:00] Accessed Endpoint: Register
[2017-01-17T02:15:39+00:00] Accessed Endpoint: Register
[2017-01-17T02:15:56+00:00] Accessed Endpoint: Register
[2017-01-17T02:16:24+00:00] Accessed Endpoint: Register
[2017-01-17T02:16:54+00:00] Accessed Endpoint: Register
[2017-01-17T02:17:32+00:00] Accessed Endpoint: Register
[2017-01-17T02:18:00+00:00] Accessed Endpoint: Register
[2017-01-17T02:18:00+00:00] Cache Miss: Add room to cache
[2017-01-17T02:18:36+00:00] Accessed Endpoint: Change Name
[2017-01-17T02:21:27+00:00] Accessed Endpoint: Register
[2017-01-17T02:21:34+00:00] Accessed Endpoint: Change Name
[2017-01-17T02:21:52+00:00] Accessed Endpoint: Register
[2017-01-17T02:22:53+00:00] Accessed Endpoint: Register
[2017-01-17T02:22:53+00:00] Cache Miss: Add room to cache
[2017-01-17T02:23:05+00:00] Accessed Endpoint: Change Name
[2017-01-17T02:37:10+00:00] Accessed Endpoint: Register
[2017-01-17T02:51:06+00:00] Accessed Endpoint: Register
[2017-01-17T02:51:49+00:00] Accessed Endpoint: Register
[2017-01-17T02:51:56+00:00] Accessed Endpoint: Change Name
[2017-01-17T02:52:24+00:00] Accessed Endpoint: Send Message
[2017-01-17T02:52:24+00:00] Message Sent: 
[2017-01-17T02:52:44+00:00] Accessed Endpoint: Change Name
[2017-01-17T02:52:56+00:00] Accessed Endpoint: Send Message
[2017-01-17T02:52:56+00:00] Message Sent: 
[2017-01-17T02:55:06+00:00] Accessed Endpoint: Register
[2017-01-17T02:55:28+00:00] Accessed Endpoint: Change Name
[2017-01-17T02:55:35+00:00] Accessed Endpoint: Register
[2017-01-17T02:57:04+00:00] Accessed Endpoint: Register
[2017-01-17T02:57:16+00:00] Accessed Endpoint: Change Name
[2017-01-17T02:57:26+00:00] Accessed Endpoint: Register
[2017-01-17T02:57:28+00:00] Accessed Endpoint: Send Message
[2017-01-17T02:57:28+00:00] Message Sent: 
[2017-01-17T02:57:46+00:00] Accessed Endpoint: Register
[2017-01-17T02:57:53+00:00] Accessed Endpoint: Change Name
[2017-01-17T02:58:00+00:00] Accessed Endpoint: Send Message
[2017-01-17T02:58:00+00:00] Message Sent: 
[2017-01-17T02:58:01+00:00] Accessed Endpoint: Send Message
[2017-01-17T02:58:01+00:00] Message Sent: 
[2017-01-17T02:58:01+00:00] Accessed Endpoint: Send Message
[2017-01-17T02:58:01+00:00] Message Sent: 
[2017-01-17T02:58:22+00:00] Accessed Endpoint: Register
[2017-01-17T02:58:33+00:00] Accessed Endpoint: Change Name
[2017-01-17T02:58:47+00:00] Accessed Endpoint: Register
[2017-01-17T02:58:51+00:00] Accessed Endpoint: Register
[2017-01-17T02:58:56+00:00] Accessed Endpoint: Change Name
[2017-01-17T02:59:06+00:00] Accessed Endpoint: Register
[2017-01-17T03:02:32+00:00] Accessed Endpoint: Send Message
[2017-01-17T03:02:32+00:00] Message Sent: 
[2017-01-17T03:06:10+00:00] Accessed Endpoint: Change Name
